<?xml version="1.0" encoding="UTF-8"?>
<testsuite xmlns:xsi="http://www.w3.org/2001/XMLSchema-instance" xsi:noNamespaceSchemaLocation="https://maven.apache.org/surefire/maven-surefire-plugin/xsd/surefire-test-report.xsd" name="com.example.webfluxdemo.WebfluxDemoApplicationTests" time="278.856" tests="5" errors="0" skipped="0" failures="0">
  <properties>
    <property name="sun.desktop" value="windows"/>
    <property name="awt.toolkit" value="sun.awt.windows.WToolkit"/>
    <property name="file.encoding.pkg" value="sun.io"/>
    <property name="java.specification.version" value="1.8"/>
    <property name="sun.cpu.isalist" value="amd64"/>
    <property name="sun.jnu.encoding" value="Cp1252"/>
    <property name="java.class.path" value="C:\citi\spring-webflux-reactive-rest-api-demo-master\spring-webflux-reactive-rest-api-demo-master\target\test-classes;C:\citi\spring-webflux-reactive-rest-api-demo-master\spring-webflux-reactive-rest-api-demo-master\target\classes;C:\Users\Arpan.Roy\.m2\repository\org\springframework\boot\spring-boot-starter-data-mongodb-reactive\2.0.0.RELEASE\spring-boot-starter-data-mongodb-reactive-2.0.0.RELEASE.jar;C:\Users\Arpan.Roy\.m2\repository\org\springframework\boot\spring-boot-starter\2.0.0.RELEASE\spring-boot-starter-2.0.0.RELEASE.jar;C:\Users\Arpan.Roy\.m2\repository\org\springframework\boot\spring-boot\2.0.0.RELEASE\spring-boot-2.0.0.RELEASE.jar;C:\Users\Arpan.Roy\.m2\repository\org\springframework\boot\spring-boot-autoconfigure\2.0.0.RELEASE\spring-boot-autoconfigure-2.0.0.RELEASE.jar;C:\Users\Arpan.Roy\.m2\repository\org\springframework\boot\spring-boot-starter-logging\2.0.0.RELEASE\spring-boot-starter-logging-2.0.0.RELEASE.jar;C:\Users\Arpan.Roy\.m2\repository\ch\qos\logback\logback-classic\1.2.3\logback-classic-1.2.3.jar;C:\Users\Arpan.Roy\.m2\repository\ch\qos\logback\logback-core\1.2.3\logback-core-1.2.3.jar;C:\Users\Arpan.Roy\.m2\repository\org\apache\logging\log4j\log4j-to-slf4j\2.10.0\log4j-to-slf4j-2.10.0.jar;C:\Users\Arpan.Roy\.m2\repository\org\apache\logging\log4j\log4j-api\2.10.0\log4j-api-2.10.0.jar;C:\Users\Arpan.Roy\.m2\repository\org\slf4j\jul-to-slf4j\1.7.25\jul-to-slf4j-1.7.25.jar;C:\Users\Arpan.Roy\.m2\repository\javax\annotation\javax.annotation-api\1.3.2\javax.annotation-api-1.3.2.jar;C:\Users\Arpan.Roy\.m2\repository\org\yaml\snakeyaml\1.19\snakeyaml-1.19.jar;C:\Users\Arpan.Roy\.m2\repository\org\springframework\data\spring-data-mongodb\2.0.5.RELEASE\spring-data-mongodb-2.0.5.RELEASE.jar;C:\Users\Arpan.Roy\.m2\repository\org\springframework\spring-tx\5.0.4.RELEASE\spring-tx-5.0.4.RELEASE.jar;C:\Users\Arpan.Roy\.m2\repository\org\springframework\spring-context\5.0.4.RELEASE\spring-context-5.0.4.RELEASE.jar;C:\Users\Arpan.Roy\.m2\repository\org\springframework\spring-aop\5.0.4.RELEASE\spring-aop-5.0.4.RELEASE.jar;C:\Users\Arpan.Roy\.m2\repository\org\springframework\spring-beans\5.0.4.RELEASE\spring-beans-5.0.4.RELEASE.jar;C:\Users\Arpan.Roy\.m2\repository\org\springframework\spring-expression\5.0.4.RELEASE\spring-expression-5.0.4.RELEASE.jar;C:\Users\Arpan.Roy\.m2\repository\org\springframework\data\spring-data-commons\2.0.5.RELEASE\spring-data-commons-2.0.5.RELEASE.jar;C:\Users\Arpan.Roy\.m2\repository\org\slf4j\slf4j-api\1.7.25\slf4j-api-1.7.25.jar;C:\Users\Arpan.Roy\.m2\repository\org\mongodb\mongodb-driver\3.6.3\mongodb-driver-3.6.3.jar;C:\Users\Arpan.Roy\.m2\repository\org\mongodb\bson\3.6.3\bson-3.6.3.jar;C:\Users\Arpan.Roy\.m2\repository\org\mongodb\mongodb-driver-core\3.6.3\mongodb-driver-core-3.6.3.jar;C:\Users\Arpan.Roy\.m2\repository\org\mongodb\mongodb-driver-async\3.6.3\mongodb-driver-async-3.6.3.jar;C:\Users\Arpan.Roy\.m2\repository\org\mongodb\mongodb-driver-reactivestreams\1.7.1\mongodb-driver-reactivestreams-1.7.1.jar;C:\Users\Arpan.Roy\.m2\repository\org\reactivestreams\reactive-streams\1.0.2\reactive-streams-1.0.2.jar;C:\Users\Arpan.Roy\.m2\repository\io\projectreactor\reactor-core\3.1.5.RELEASE\reactor-core-3.1.5.RELEASE.jar;C:\Users\Arpan.Roy\.m2\repository\org\springframework\boot\spring-boot-starter-webflux\2.0.0.RELEASE\spring-boot-starter-webflux-2.0.0.RELEASE.jar;C:\Users\Arpan.Roy\.m2\repository\org\springframework\boot\spring-boot-starter-json\2.0.0.RELEASE\spring-boot-starter-json-2.0.0.RELEASE.jar;C:\Users\Arpan.Roy\.m2\repository\com\fasterxml\jackson\core\jackson-databind\2.9.4\jackson-databind-2.9.4.jar;C:\Users\Arpan.Roy\.m2\repository\com\fasterxml\jackson\core\jackson-annotations\2.9.0\jackson-annotations-2.9.0.jar;C:\Users\Arpan.Roy\.m2\repository\com\fasterxml\jackson\core\jackson-core\2.9.4\jackson-core-2.9.4.jar;C:\Users\Arpan.Roy\.m2\repository\com\fasterxml\jackson\datatype\jackson-datatype-jdk8\2.9.4\jackson-datatype-jdk8-2.9.4.jar;C:\Users\Arpan.Roy\.m2\repository\com\fasterxml\jackson\datatype\jackson-datatype-jsr310\2.9.4\jackson-datatype-jsr310-2.9.4.jar;C:\Users\Arpan.Roy\.m2\repository\com\fasterxml\jackson\module\jackson-module-parameter-names\2.9.4\jackson-module-parameter-names-2.9.4.jar;C:\Users\Arpan.Roy\.m2\repository\org\springframework\boot\spring-boot-starter-reactor-netty\2.0.0.RELEASE\spring-boot-starter-reactor-netty-2.0.0.RELEASE.jar;C:\Users\Arpan.Roy\.m2\repository\io\projectreactor\ipc\reactor-netty\0.7.5.RELEASE\reactor-netty-0.7.5.RELEASE.jar;C:\Users\Arpan.Roy\.m2\repository\io\netty\netty-codec-http\4.1.22.Final\netty-codec-http-4.1.22.Final.jar;C:\Users\Arpan.Roy\.m2\repository\io\netty\netty-codec\4.1.22.Final\netty-codec-4.1.22.Final.jar;C:\Users\Arpan.Roy\.m2\repository\io\netty\netty-handler\4.1.22.Final\netty-handler-4.1.22.Final.jar;C:\Users\Arpan.Roy\.m2\repository\io\netty\netty-buffer\4.1.22.Final\netty-buffer-4.1.22.Final.jar;C:\Users\Arpan.Roy\.m2\repository\io\netty\netty-transport\4.1.22.Final\netty-transport-4.1.22.Final.jar;C:\Users\Arpan.Roy\.m2\repository\io\netty\netty-resolver\4.1.22.Final\netty-resolver-4.1.22.Final.jar;C:\Users\Arpan.Roy\.m2\repository\io\netty\netty-handler-proxy\4.1.22.Final\netty-handler-proxy-4.1.22.Final.jar;C:\Users\Arpan.Roy\.m2\repository\io\netty\netty-codec-socks\4.1.22.Final\netty-codec-socks-4.1.22.Final.jar;C:\Users\Arpan.Roy\.m2\repository\io\netty\netty-transport-native-epoll\4.1.22.Final\netty-transport-native-epoll-4.1.22.Final.jar;C:\Users\Arpan.Roy\.m2\repository\io\netty\netty-common\4.1.22.Final\netty-common-4.1.22.Final.jar;C:\Users\Arpan.Roy\.m2\repository\io\netty\netty-transport-native-unix-common\4.1.22.Final\netty-transport-native-unix-common-4.1.22.Final.jar;C:\Users\Arpan.Roy\.m2\repository\org\hibernate\validator\hibernate-validator\6.0.7.Final\hibernate-validator-6.0.7.Final.jar;C:\Users\Arpan.Roy\.m2\repository\javax\validation\validation-api\2.0.1.Final\validation-api-2.0.1.Final.jar;C:\Users\Arpan.Roy\.m2\repository\org\jboss\logging\jboss-logging\3.3.2.Final\jboss-logging-3.3.2.Final.jar;C:\Users\Arpan.Roy\.m2\repository\com\fasterxml\classmate\1.3.4\classmate-1.3.4.jar;C:\Users\Arpan.Roy\.m2\repository\org\springframework\spring-web\5.0.4.RELEASE\spring-web-5.0.4.RELEASE.jar;C:\Users\Arpan.Roy\.m2\repository\org\springframework\spring-webflux\5.0.4.RELEASE\spring-webflux-5.0.4.RELEASE.jar;C:\Users\Arpan.Roy\.m2\repository\org\synchronoss\cloud\nio-multipart-parser\1.1.0\nio-multipart-parser-1.1.0.jar;C:\Users\Arpan.Roy\.m2\repository\org\synchronoss\cloud\nio-stream-storage\1.1.3\nio-stream-storage-1.1.3.jar;C:\Users\Arpan.Roy\.m2\repository\org\springframework\boot\spring-boot-starter-test\2.0.0.RELEASE\spring-boot-starter-test-2.0.0.RELEASE.jar;C:\Users\Arpan.Roy\.m2\repository\org\springframework\boot\spring-boot-test\2.0.0.RELEASE\spring-boot-test-2.0.0.RELEASE.jar;C:\Users\Arpan.Roy\.m2\repository\org\springframework\boot\spring-boot-test-autoconfigure\2.0.0.RELEASE\spring-boot-test-autoconfigure-2.0.0.RELEASE.jar;C:\Users\Arpan.Roy\.m2\repository\com\jayway\jsonpath\json-path\2.4.0\json-path-2.4.0.jar;C:\Users\Arpan.Roy\.m2\repository\net\minidev\json-smart\2.3\json-smart-2.3.jar;C:\Users\Arpan.Roy\.m2\repository\net\minidev\accessors-smart\1.2\accessors-smart-1.2.jar;C:\Users\Arpan.Roy\.m2\repository\org\ow2\asm\asm\5.0.4\asm-5.0.4.jar;C:\Users\Arpan.Roy\.m2\repository\junit\junit\4.12\junit-4.12.jar;C:\Users\Arpan.Roy\.m2\repository\org\assertj\assertj-core\3.9.1\assertj-core-3.9.1.jar;C:\Users\Arpan.Roy\.m2\repository\org\mockito\mockito-core\2.15.0\mockito-core-2.15.0.jar;C:\Users\Arpan.Roy\.m2\repository\net\bytebuddy\byte-buddy\1.7.10\byte-buddy-1.7.10.jar;C:\Users\Arpan.Roy\.m2\repository\net\bytebuddy\byte-buddy-agent\1.7.10\byte-buddy-agent-1.7.10.jar;C:\Users\Arpan.Roy\.m2\repository\org\objenesis\objenesis\2.6\objenesis-2.6.jar;C:\Users\Arpan.Roy\.m2\repository\org\hamcrest\hamcrest-core\1.3\hamcrest-core-1.3.jar;C:\Users\Arpan.Roy\.m2\repository\org\hamcrest\hamcrest-library\1.3\hamcrest-library-1.3.jar;C:\Users\Arpan.Roy\.m2\repository\org\skyscreamer\jsonassert\1.5.0\jsonassert-1.5.0.jar;C:\Users\Arpan.Roy\.m2\repository\com\vaadin\external\google\android-json\0.0.20131108.vaadin1\android-json-0.0.20131108.vaadin1.jar;C:\Users\Arpan.Roy\.m2\repository\org\springframework\spring-core\5.0.4.RELEASE\spring-core-5.0.4.RELEASE.jar;C:\Users\Arpan.Roy\.m2\repository\org\springframework\spring-jcl\5.0.4.RELEASE\spring-jcl-5.0.4.RELEASE.jar;C:\Users\Arpan.Roy\.m2\repository\org\springframework\spring-test\5.0.4.RELEASE\spring-test-5.0.4.RELEASE.jar;C:\Users\Arpan.Roy\.m2\repository\org\xmlunit\xmlunit-core\2.5.1\xmlunit-core-2.5.1.jar;C:\Users\Arpan.Roy\.m2\repository\io\projectreactor\reactor-test\3.1.5.RELEASE\reactor-test-3.1.5.RELEASE.jar;C:\Users\Arpan.Roy\.m2\repository\de\flapdoodle\embed\de.flapdoodle.embed.mongo\2.0.3\de.flapdoodle.embed.mongo-2.0.3.jar;C:\Users\Arpan.Roy\.m2\repository\de\flapdoodle\embed\de.flapdoodle.embed.process\2.0.2\de.flapdoodle.embed.process-2.0.2.jar;C:\Users\Arpan.Roy\.m2\repository\commons-io\commons-io\2.4\commons-io-2.4.jar;C:\Users\Arpan.Roy\.m2\repository\org\apache\commons\commons-lang3\3.7\commons-lang3-3.7.jar;C:\Users\Arpan.Roy\.m2\repository\net\java\dev\jna\jna\4.5.1\jna-4.5.1.jar;C:\Users\Arpan.Roy\.m2\repository\net\java\dev\jna\jna-platform\4.5.1\jna-platform-4.5.1.jar;C:\Users\Arpan.Roy\.m2\repository\org\apache\commons\commons-compress\1.10\commons-compress-1.10.jar;"/>
    <property name="java.vm.vendor" value="Oracle Corporation"/>
    <property name="sun.arch.data.model" value="64"/>
    <property name="user.variant" value=""/>
    <property name="java.vendor.url" value="http://java.oracle.com/"/>
    <property name="user.timezone" value=""/>
    <property name="java.vm.specification.version" value="1.8"/>
    <property name="os.name" value="Windows 10"/>
    <property name="user.country" value="IN"/>
    <property name="sun.java.launcher" value="SUN_STANDARD"/>
    <property name="sun.boot.library.path" value="C:\Program Files\Java\jdk1.8.0_144\jre\bin"/>
    <property name="sun.java.command" value="C:\Users\Arpan.Roy\AppData\Local\Temp\surefire1297625813008810472\surefirebooter1914538462342592739.jar C:\Users\Arpan.Roy\AppData\Local\Temp\surefire1297625813008810472 2018-05-29T15-54-08_296-jvmRun1 surefire2724038813419690915tmp surefire_09126940327633341312tmp"/>
    <property name="surefire.test.class.path" value="C:\citi\spring-webflux-reactive-rest-api-demo-master\spring-webflux-reactive-rest-api-demo-master\target\test-classes;C:\citi\spring-webflux-reactive-rest-api-demo-master\spring-webflux-reactive-rest-api-demo-master\target\classes;C:\Users\Arpan.Roy\.m2\repository\org\springframework\boot\spring-boot-starter-data-mongodb-reactive\2.0.0.RELEASE\spring-boot-starter-data-mongodb-reactive-2.0.0.RELEASE.jar;C:\Users\Arpan.Roy\.m2\repository\org\springframework\boot\spring-boot-starter\2.0.0.RELEASE\spring-boot-starter-2.0.0.RELEASE.jar;C:\Users\Arpan.Roy\.m2\repository\org\springframework\boot\spring-boot\2.0.0.RELEASE\spring-boot-2.0.0.RELEASE.jar;C:\Users\Arpan.Roy\.m2\repository\org\springframework\boot\spring-boot-autoconfigure\2.0.0.RELEASE\spring-boot-autoconfigure-2.0.0.RELEASE.jar;C:\Users\Arpan.Roy\.m2\repository\org\springframework\boot\spring-boot-starter-logging\2.0.0.RELEASE\spring-boot-starter-logging-2.0.0.RELEASE.jar;C:\Users\Arpan.Roy\.m2\repository\ch\qos\logback\logback-classic\1.2.3\logback-classic-1.2.3.jar;C:\Users\Arpan.Roy\.m2\repository\ch\qos\logback\logback-core\1.2.3\logback-core-1.2.3.jar;C:\Users\Arpan.Roy\.m2\repository\org\apache\logging\log4j\log4j-to-slf4j\2.10.0\log4j-to-slf4j-2.10.0.jar;C:\Users\Arpan.Roy\.m2\repository\org\apache\logging\log4j\log4j-api\2.10.0\log4j-api-2.10.0.jar;C:\Users\Arpan.Roy\.m2\repository\org\slf4j\jul-to-slf4j\1.7.25\jul-to-slf4j-1.7.25.jar;C:\Users\Arpan.Roy\.m2\repository\javax\annotation\javax.annotation-api\1.3.2\javax.annotation-api-1.3.2.jar;C:\Users\Arpan.Roy\.m2\repository\org\yaml\snakeyaml\1.19\snakeyaml-1.19.jar;C:\Users\Arpan.Roy\.m2\repository\org\springframework\data\spring-data-mongodb\2.0.5.RELEASE\spring-data-mongodb-2.0.5.RELEASE.jar;C:\Users\Arpan.Roy\.m2\repository\org\springframework\spring-tx\5.0.4.RELEASE\spring-tx-5.0.4.RELEASE.jar;C:\Users\Arpan.Roy\.m2\repository\org\springframework\spring-context\5.0.4.RELEASE\spring-context-5.0.4.RELEASE.jar;C:\Users\Arpan.Roy\.m2\repository\org\springframework\spring-aop\5.0.4.RELEASE\spring-aop-5.0.4.RELEASE.jar;C:\Users\Arpan.Roy\.m2\repository\org\springframework\spring-beans\5.0.4.RELEASE\spring-beans-5.0.4.RELEASE.jar;C:\Users\Arpan.Roy\.m2\repository\org\springframework\spring-expression\5.0.4.RELEASE\spring-expression-5.0.4.RELEASE.jar;C:\Users\Arpan.Roy\.m2\repository\org\springframework\data\spring-data-commons\2.0.5.RELEASE\spring-data-commons-2.0.5.RELEASE.jar;C:\Users\Arpan.Roy\.m2\repository\org\slf4j\slf4j-api\1.7.25\slf4j-api-1.7.25.jar;C:\Users\Arpan.Roy\.m2\repository\org\mongodb\mongodb-driver\3.6.3\mongodb-driver-3.6.3.jar;C:\Users\Arpan.Roy\.m2\repository\org\mongodb\bson\3.6.3\bson-3.6.3.jar;C:\Users\Arpan.Roy\.m2\repository\org\mongodb\mongodb-driver-core\3.6.3\mongodb-driver-core-3.6.3.jar;C:\Users\Arpan.Roy\.m2\repository\org\mongodb\mongodb-driver-async\3.6.3\mongodb-driver-async-3.6.3.jar;C:\Users\Arpan.Roy\.m2\repository\org\mongodb\mongodb-driver-reactivestreams\1.7.1\mongodb-driver-reactivestreams-1.7.1.jar;C:\Users\Arpan.Roy\.m2\repository\org\reactivestreams\reactive-streams\1.0.2\reactive-streams-1.0.2.jar;C:\Users\Arpan.Roy\.m2\repository\io\projectreactor\reactor-core\3.1.5.RELEASE\reactor-core-3.1.5.RELEASE.jar;C:\Users\Arpan.Roy\.m2\repository\org\springframework\boot\spring-boot-starter-webflux\2.0.0.RELEASE\spring-boot-starter-webflux-2.0.0.RELEASE.jar;C:\Users\Arpan.Roy\.m2\repository\org\springframework\boot\spring-boot-starter-json\2.0.0.RELEASE\spring-boot-starter-json-2.0.0.RELEASE.jar;C:\Users\Arpan.Roy\.m2\repository\com\fasterxml\jackson\core\jackson-databind\2.9.4\jackson-databind-2.9.4.jar;C:\Users\Arpan.Roy\.m2\repository\com\fasterxml\jackson\core\jackson-annotations\2.9.0\jackson-annotations-2.9.0.jar;C:\Users\Arpan.Roy\.m2\repository\com\fasterxml\jackson\core\jackson-core\2.9.4\jackson-core-2.9.4.jar;C:\Users\Arpan.Roy\.m2\repository\com\fasterxml\jackson\datatype\jackson-datatype-jdk8\2.9.4\jackson-datatype-jdk8-2.9.4.jar;C:\Users\Arpan.Roy\.m2\repository\com\fasterxml\jackson\datatype\jackson-datatype-jsr310\2.9.4\jackson-datatype-jsr310-2.9.4.jar;C:\Users\Arpan.Roy\.m2\repository\com\fasterxml\jackson\module\jackson-module-parameter-names\2.9.4\jackson-module-parameter-names-2.9.4.jar;C:\Users\Arpan.Roy\.m2\repository\org\springframework\boot\spring-boot-starter-reactor-netty\2.0.0.RELEASE\spring-boot-starter-reactor-netty-2.0.0.RELEASE.jar;C:\Users\Arpan.Roy\.m2\repository\io\projectreactor\ipc\reactor-netty\0.7.5.RELEASE\reactor-netty-0.7.5.RELEASE.jar;C:\Users\Arpan.Roy\.m2\repository\io\netty\netty-codec-http\4.1.22.Final\netty-codec-http-4.1.22.Final.jar;C:\Users\Arpan.Roy\.m2\repository\io\netty\netty-codec\4.1.22.Final\netty-codec-4.1.22.Final.jar;C:\Users\Arpan.Roy\.m2\repository\io\netty\netty-handler\4.1.22.Final\netty-handler-4.1.22.Final.jar;C:\Users\Arpan.Roy\.m2\repository\io\netty\netty-buffer\4.1.22.Final\netty-buffer-4.1.22.Final.jar;C:\Users\Arpan.Roy\.m2\repository\io\netty\netty-transport\4.1.22.Final\netty-transport-4.1.22.Final.jar;C:\Users\Arpan.Roy\.m2\repository\io\netty\netty-resolver\4.1.22.Final\netty-resolver-4.1.22.Final.jar;C:\Users\Arpan.Roy\.m2\repository\io\netty\netty-handler-proxy\4.1.22.Final\netty-handler-proxy-4.1.22.Final.jar;C:\Users\Arpan.Roy\.m2\repository\io\netty\netty-codec-socks\4.1.22.Final\netty-codec-socks-4.1.22.Final.jar;C:\Users\Arpan.Roy\.m2\repository\io\netty\netty-transport-native-epoll\4.1.22.Final\netty-transport-native-epoll-4.1.22.Final.jar;C:\Users\Arpan.Roy\.m2\repository\io\netty\netty-common\4.1.22.Final\netty-common-4.1.22.Final.jar;C:\Users\Arpan.Roy\.m2\repository\io\netty\netty-transport-native-unix-common\4.1.22.Final\netty-transport-native-unix-common-4.1.22.Final.jar;C:\Users\Arpan.Roy\.m2\repository\org\hibernate\validator\hibernate-validator\6.0.7.Final\hibernate-validator-6.0.7.Final.jar;C:\Users\Arpan.Roy\.m2\repository\javax\validation\validation-api\2.0.1.Final\validation-api-2.0.1.Final.jar;C:\Users\Arpan.Roy\.m2\repository\org\jboss\logging\jboss-logging\3.3.2.Final\jboss-logging-3.3.2.Final.jar;C:\Users\Arpan.Roy\.m2\repository\com\fasterxml\classmate\1.3.4\classmate-1.3.4.jar;C:\Users\Arpan.Roy\.m2\repository\org\springframework\spring-web\5.0.4.RELEASE\spring-web-5.0.4.RELEASE.jar;C:\Users\Arpan.Roy\.m2\repository\org\springframework\spring-webflux\5.0.4.RELEASE\spring-webflux-5.0.4.RELEASE.jar;C:\Users\Arpan.Roy\.m2\repository\org\synchronoss\cloud\nio-multipart-parser\1.1.0\nio-multipart-parser-1.1.0.jar;C:\Users\Arpan.Roy\.m2\repository\org\synchronoss\cloud\nio-stream-storage\1.1.3\nio-stream-storage-1.1.3.jar;C:\Users\Arpan.Roy\.m2\repository\org\springframework\boot\spring-boot-starter-test\2.0.0.RELEASE\spring-boot-starter-test-2.0.0.RELEASE.jar;C:\Users\Arpan.Roy\.m2\repository\org\springframework\boot\spring-boot-test\2.0.0.RELEASE\spring-boot-test-2.0.0.RELEASE.jar;C:\Users\Arpan.Roy\.m2\repository\org\springframework\boot\spring-boot-test-autoconfigure\2.0.0.RELEASE\spring-boot-test-autoconfigure-2.0.0.RELEASE.jar;C:\Users\Arpan.Roy\.m2\repository\com\jayway\jsonpath\json-path\2.4.0\json-path-2.4.0.jar;C:\Users\Arpan.Roy\.m2\repository\net\minidev\json-smart\2.3\json-smart-2.3.jar;C:\Users\Arpan.Roy\.m2\repository\net\minidev\accessors-smart\1.2\accessors-smart-1.2.jar;C:\Users\Arpan.Roy\.m2\repository\org\ow2\asm\asm\5.0.4\asm-5.0.4.jar;C:\Users\Arpan.Roy\.m2\repository\junit\junit\4.12\junit-4.12.jar;C:\Users\Arpan.Roy\.m2\repository\org\assertj\assertj-core\3.9.1\assertj-core-3.9.1.jar;C:\Users\Arpan.Roy\.m2\repository\org\mockito\mockito-core\2.15.0\mockito-core-2.15.0.jar;C:\Users\Arpan.Roy\.m2\repository\net\bytebuddy\byte-buddy\1.7.10\byte-buddy-1.7.10.jar;C:\Users\Arpan.Roy\.m2\repository\net\bytebuddy\byte-buddy-agent\1.7.10\byte-buddy-agent-1.7.10.jar;C:\Users\Arpan.Roy\.m2\repository\org\objenesis\objenesis\2.6\objenesis-2.6.jar;C:\Users\Arpan.Roy\.m2\repository\org\hamcrest\hamcrest-core\1.3\hamcrest-core-1.3.jar;C:\Users\Arpan.Roy\.m2\repository\org\hamcrest\hamcrest-library\1.3\hamcrest-library-1.3.jar;C:\Users\Arpan.Roy\.m2\repository\org\skyscreamer\jsonassert\1.5.0\jsonassert-1.5.0.jar;C:\Users\Arpan.Roy\.m2\repository\com\vaadin\external\google\android-json\0.0.20131108.vaadin1\android-json-0.0.20131108.vaadin1.jar;C:\Users\Arpan.Roy\.m2\repository\org\springframework\spring-core\5.0.4.RELEASE\spring-core-5.0.4.RELEASE.jar;C:\Users\Arpan.Roy\.m2\repository\org\springframework\spring-jcl\5.0.4.RELEASE\spring-jcl-5.0.4.RELEASE.jar;C:\Users\Arpan.Roy\.m2\repository\org\springframework\spring-test\5.0.4.RELEASE\spring-test-5.0.4.RELEASE.jar;C:\Users\Arpan.Roy\.m2\repository\org\xmlunit\xmlunit-core\2.5.1\xmlunit-core-2.5.1.jar;C:\Users\Arpan.Roy\.m2\repository\io\projectreactor\reactor-test\3.1.5.RELEASE\reactor-test-3.1.5.RELEASE.jar;C:\Users\Arpan.Roy\.m2\repository\de\flapdoodle\embed\de.flapdoodle.embed.mongo\2.0.3\de.flapdoodle.embed.mongo-2.0.3.jar;C:\Users\Arpan.Roy\.m2\repository\de\flapdoodle\embed\de.flapdoodle.embed.process\2.0.2\de.flapdoodle.embed.process-2.0.2.jar;C:\Users\Arpan.Roy\.m2\repository\commons-io\commons-io\2.4\commons-io-2.4.jar;C:\Users\Arpan.Roy\.m2\repository\org\apache\commons\commons-lang3\3.7\commons-lang3-3.7.jar;C:\Users\Arpan.Roy\.m2\repository\net\java\dev\jna\jna\4.5.1\jna-4.5.1.jar;C:\Users\Arpan.Roy\.m2\repository\net\java\dev\jna\jna-platform\4.5.1\jna-platform-4.5.1.jar;C:\Users\Arpan.Roy\.m2\repository\org\apache\commons\commons-compress\1.10\commons-compress-1.10.jar;"/>
    <property name="sun.cpu.endian" value="little"/>
    <property name="user.home" value="C:\Users\Arpan.Roy"/>
    <property name="user.language" value="en"/>
    <property name="java.specification.vendor" value="Oracle Corporation"/>
    <property name="java.home" value="C:\Program Files\Java\jdk1.8.0_144\jre"/>
    <property name="basedir" value="C:\citi\spring-webflux-reactive-rest-api-demo-master\spring-webflux-reactive-rest-api-demo-master"/>
    <property name="file.separator" value="\"/>
    <property name="line.separator" value="&#10;"/>
    <property name="java.vm.specification.vendor" value="Oracle Corporation"/>
    <property name="java.specification.name" value="Java Platform API Specification"/>
    <property name="java.awt.graphicsenv" value="sun.awt.Win32GraphicsEnvironment"/>
    <property name="surefire.real.class.path" value="C:\Users\Arpan.Roy\AppData\Local\Temp\surefire1297625813008810472\surefirebooter1914538462342592739.jar"/>
    <property name="sun.boot.class.path" value="C:\Program Files\Java\jdk1.8.0_144\jre\lib\resources.jar;C:\Program Files\Java\jdk1.8.0_144\jre\lib\rt.jar;C:\Program Files\Java\jdk1.8.0_144\jre\lib\sunrsasign.jar;C:\Program Files\Java\jdk1.8.0_144\jre\lib\jsse.jar;C:\Program Files\Java\jdk1.8.0_144\jre\lib\jce.jar;C:\Program Files\Java\jdk1.8.0_144\jre\lib\charsets.jar;C:\Program Files\Java\jdk1.8.0_144\jre\lib\jfr.jar;C:\Program Files\Java\jdk1.8.0_144\jre\classes"/>
    <property name="user.script" value=""/>
    <property name="sun.management.compiler" value="HotSpot 64-Bit Tiered Compilers"/>
    <property name="java.runtime.version" value="1.8.0_144-b01"/>
    <property name="user.name" value="Arpan.Roy"/>
    <property name="path.separator" value=";"/>
    <property name="os.version" value="10.0"/>
    <property name="java.endorsed.dirs" value="C:\Program Files\Java\jdk1.8.0_144\jre\lib\endorsed"/>
    <property name="java.runtime.name" value="Java(TM) SE Runtime Environment"/>
    <property name="file.encoding" value="Cp1252"/>
    <property name="java.vm.name" value="Java HotSpot(TM) 64-Bit Server VM"/>
    <property name="localRepository" value="C:\Users\Arpan.Roy\.m2\repository"/>
    <property name="java.vendor.url.bug" value="http://bugreport.sun.com/bugreport/"/>
    <property name="java.io.tmpdir" value="C:\Users\Arpan.Roy\AppData\Local\Temp\"/>
    <property name="java.version" value="1.8.0_144"/>
    <property name="user.dir" value="C:\citi\spring-webflux-reactive-rest-api-demo-master\spring-webflux-reactive-rest-api-demo-master"/>
    <property name="os.arch" value="amd64"/>
    <property name="java.vm.specification.name" value="Java Virtual Machine Specification"/>
    <property name="java.awt.printerjob" value="sun.awt.windows.WPrinterJob"/>
    <property name="sun.os.patch.level" value=""/>
    <property name="java.library.path" value="C:\Program Files\Java\jdk1.8.0_144\jre\bin;C:\Windows\Sun\Java\bin;C:\Windows\system32;C:\Windows;C:/Program Files/Java/jdk1.8.0_144/jre/bin/server;C:/Program Files/Java/jdk1.8.0_144/jre/bin;C:/Program Files/Java/jdk1.8.0_144/jre/lib/amd64;C:\Program Files\Docker\Docker\Resources\bin;C:\Program Files (x86)\Intel\Intel(R) Management Engine Components\iCLS\;C:\Program Files\Intel\Intel(R) Management Engine Components\iCLS\;C:\ProgramData\Oracle\Java\javapath;C:\Windows\system32;C:\Windows;C:\Windows\System32\Wbem;C:\Windows\System32\WindowsPowerShell\v1.0\;C:\Program Files\Intel\WiFi\bin\;C:\Program Files\Common Files\Intel\WirelessCommon\;C:\Program Files\SlikSvn\bin;C:\Program Files\TortoiseSVN\bin;C:\Program Files\Microsoft SQL Server\Client SDK\ODBC\110\Tools\Binn\;C:\Program Files (x86)\Microsoft SQL Server\120\Tools\Binn\;C:\Program Files\Microsoft SQL Server\120\Tools\Binn\;C:\Program Files\Microsoft SQL Server\120\DTS\Binn\;C:\software\apache-maven-3.5.2-bin\apache-maven-3.5.2\bin;C:\Program Files\MySQL\MySQL Utilities 1.6\;C:\Program Files\nodejs\;C:\software\spring-boot-cli-2.0.0.RELEASE-bin\spring-2.0.0.RELEASE\bin;C:\PostgreSQL\pg96\bin;C:\Program Files (x86)\Common Files\Hitachi ID\;C:\Program Files\Common Files\Hitachi ID\;C:\Program Files (x86)\Intel\Intel(R) Management Engine Components\DAL;C:\Program Files\Intel\Intel(R) Management Engine Components\DAL;C:\Program Files (x86)\Intel\Intel(R) Management Engine Components\IPT;C:\Program Files\Intel\Intel(R) Management Engine Components\IPT;C:\Users\Arpan.Roy\AppData\Local\Microsoft\WindowsApps;C:\Program Files\Java\jdk1.8.0_144\bin;C:\software\apache-ant-1.8.3-bin\apache-ant-1.8.3\bin;C:\Program Files\Intel\WiFi\bin\;C:\Program Files\Common Files\Intel\WirelessCommon\;C:\Users\Arpan.Roy\AppData\Local\Programs\Git\cmd;C:\Users\Arpan.Roy\AppData\Roaming\npm;C:\Program Files\Microsoft VS Code\bin;C:\Windows\system32;;."/>
    <property name="java.vm.info" value="mixed mode"/>
    <property name="java.vendor" value="Oracle Corporation"/>
    <property name="java.vm.version" value="25.144-b01"/>
    <property name="java.ext.dirs" value="C:\Program Files\Java\jdk1.8.0_144\jre\lib\ext;C:\Windows\Sun\Java\lib\ext"/>
    <property name="sun.io.unicode.encoding" value="UnicodeLittle"/>
    <property name="java.class.version" value="52.0"/>
  </properties>
  <testcase name="testDeleteTweet" classname="com.example.webfluxdemo.WebfluxDemoApplicationTests" time="0.502"/>
  <testcase name="testUpdateTweet" classname="com.example.webfluxdemo.WebfluxDemoApplicationTests" time="0.32"/>
  <testcase name="testCreateTweet" classname="com.example.webfluxdemo.WebfluxDemoApplicationTests" time="0.013"/>
  <testcase name="testGetAllTweets" classname="com.example.webfluxdemo.WebfluxDemoApplicationTests" time="0.025"/>
  <testcase name="testGetSingleTweet" classname="com.example.webfluxdemo.WebfluxDemoApplicationTests" time="0.082"/>
</testsuite>